<?xml version="1.0" encoding="UTF-8"?>
<!-- Generated by org.testng.reporters.JUnitReportReporter -->
<testsuite hostname="DESKTOP-R5D2F14" failures="0" tests="1" name="testPackage.TestClass" time="0.020" errors="0" timestamp="2022-07-02T09:56:09 GMT-07:00" skipped="0">
  <testcase classname="testPackage.TestClass" name="f" time="0.020"/>
  <system-out/>
</testsuite> <!-- testPackage.TestClass -->
