<?xml version="1.0" encoding="UTF-8"?>
<!-- Generated by org.testng.reporters.JUnitReportReporter -->
<testsuite hostname="LAPTOP-GFT7S5SO" failures="0" tests="2" name="testNG_Study.ExcludeMethods2" time="0.012" errors="0" timestamp="2022-06-13T12:59:58 IST" skipped="0">
  <testcase classname="testNG_Study.ExcludeMethods2" name="mymethod10" time="0.002"/>
  <system-out>
    <![CDATA[Mymethod 10 is running]]>
  </system-out>
  <testcase classname="testNG_Study.ExcludeMethods2" name="mymethod6" time="0.010"/>
  <system-out>
    <![CDATA[Mymethod 6 is running]]>
  </system-out>
</testsuite> <!-- testNG_Study.ExcludeMethods2 -->
