<?xml version="1.0" encoding="UTF-8"?>
<!-- Generated by org.testng.reporters.JUnitReportReporter -->
<testsuite hostname="LAPTOP-GFT7S5SO" failures="0" tests="2" name="implimentingListners_At_XMLlevel.Class2" time="0.004" errors="0" timestamp="2022-06-22T11:53:35 IST" skipped="0">
  <testcase classname="implimentingListners_At_XMLlevel.Class2" name="Beed" time="0.002"/>
  <system-out>
    <![CDATA[BEED beed
TC is success]]>
  </system-out>
  <testcase classname="implimentingListners_At_XMLlevel.Class2" name="Latur" time="0.002"/>
  <system-out>
    <![CDATA[LATUR latur
TC is success]]>
  </system-out>
</testsuite> <!-- implimentingListners_At_XMLlevel.Class2 -->
