<?xml version="1.0" encoding="UTF-8"?>
<!-- Generated by org.testng.reporters.JUnitReportReporter -->
<testsuite hostname="LAPTOP-GFT7S5SO" failures="0" tests="3" name="testNG_Suite.Includemethods" time="0.004" errors="0" timestamp="2022-06-13T13:33:01 IST" skipped="0">
  <testcase classname="testNG_Suite.Includemethods" name="mymethod11" time="0.002"/>
  <system-out>
    <![CDATA[Mymethod 11 is running]]>
  </system-out>
  <testcase classname="testNG_Suite.Includemethods" name="mymethod15" time="0.001"/>
  <system-out>
    <![CDATA[Mymethod 15 is running]]>
  </system-out>
  <testcase classname="testNG_Suite.Includemethods" name="mymethod13" time="0.001"/>
  <system-out>
    <![CDATA[Mymethod 13 is running]]>
  </system-out>
</testsuite> <!-- testNG_Suite.Includemethods -->
