<?xml version="1.0" encoding="UTF-8"?>
<!-- Generated by org.testng.reporters.JUnitReportReporter -->
<testsuite hostname="LAPTOP-GFT7S5SO" failures="0" tests="3" name="serial_And_Parellel_Executution.Serial_class" time="30.774" errors="0" timestamp="2022-06-14T12:42:32 IST" skipped="0">
  <testcase classname="serial_And_Parellel_Executution.Serial_class" name="VCTC" time="11.234"/>
  <system-out/>
  <testcase classname="serial_And_Parellel_Executution.Serial_class" name="facebook" time="12.291"/>
  <system-out/>
  <testcase classname="serial_And_Parellel_Executution.Serial_class" name="KiteZerodha" time="7.249"/>
  <system-out/>
</testsuite> <!-- serial_And_Parellel_Executution.Serial_class -->
