<?xml version="1.0" encoding="UTF-8"?>
<!-- Generated by org.testng.reporters.JUnitReportReporter -->
<testsuite hostname="LAPTOP-GFT7S5SO" failures="0" tests="3" name="testNG_Study.ExcludeMethodsFromSuite" time="1.130" errors="0" timestamp="2022-06-13T12:51:41 IST" skipped="0">
  <testcase classname="testNG_Study.ExcludeMethodsFromSuite" name="mymethod1" time="0.010"/>
  <system-out>
    <![CDATA[Mymethod 1 is running]]>
  </system-out>
  <testcase classname="testNG_Study.ExcludeMethodsFromSuite" name="mymethod3" time="0.002"/>
  <system-out>
    <![CDATA[Mymethod 3 is running]]>
  </system-out>
  <testcase classname="testNG_Study.ExcludeMethodsFromSuite" name="mymethod4" time="1.118"/>
  <system-out>
    <![CDATA[Mymethod 4 is running]]>
  </system-out>
</testsuite> <!-- testNG_Study.ExcludeMethodsFromSuite -->
