<?xml version="1.0" encoding="UTF-8"?>
<!-- Generated by org.testng.reporters.JUnitReportReporter -->
<testsuite hostname="LAPTOP-GFT7S5SO" failures="0" tests="1" name="serial_And_Parellel_Executution.Myclass1" time="16.897" errors="0" timestamp="2022-06-23T20:07:15 IST" skipped="0">
  <testcase classname="serial_And_Parellel_Executution.Myclass1" name="KiteZerodha" time="16.897"/>
  <system-out/>
</testsuite> <!-- serial_And_Parellel_Executution.Myclass1 -->
