<?xml version="1.0" encoding="UTF-8"?>
<!-- Generated by org.testng.reporters.JUnitReportReporter -->
<testsuite hostname="LAPTOP-GFT7S5SO" failures="0" tests="2" name="testNG_Study.Annotations_Study" time="0.013" errors="0" timestamp="2022-06-12T19:53:35 IST" skipped="0">
  <testcase classname="testNG_Study.Annotations_Study" name="myTest2" time="0.008"/>
  <system-out>
    <![CDATA[validate home page functionality]]>
  </system-out>
  <testcase classname="testNG_Study.Annotations_Study" name="myTest1" time="0.005"/>
  <system-out>
    <![CDATA[validate user id from homr page]]>
  </system-out>
</testsuite> <!-- testNG_Study.Annotations_Study -->
