<?xml version="1.0" encoding="UTF-8"?>
<!-- Generated by org.testng.reporters.JUnitReportReporter -->
<testsuite hostname="LAPTOP-GFT7S5SO" failures="0" tests="1" name="kite_App_Test_Classes.ValidateKiteUserID" time="8.692" errors="0" timestamp="2022-06-21T11:28:05 IST" skipped="0">
  <testcase classname="kite_App_Test_Classes.ValidateKiteUserID" name="validateUser" time="8.692"/>
  <system-out>
    <![CDATA[TC is passed]]>
  </system-out>
</testsuite> <!-- kite_App_Test_Classes.ValidateKiteUserID -->
