<?xml version="1.0" encoding="UTF-8"?>
<!-- Generated by org.testng.reporters.JUnitReportReporter -->
<testsuite hostname="LAPTOP-GFT7S5SO" failures="0" tests="1" name="testNG_Grouping.Myclass2" time="0.009" errors="0" timestamp="2022-06-14T12:23:21 IST" skipped="0">
  <testcase classname="testNG_Grouping.Myclass2" name="mymethod7" time="0.009"/>
  <system-out>
    <![CDATA[My method 7 is ok]]>
  </system-out>
</testsuite> <!-- testNG_Grouping.Myclass2 -->
