<?xml version="1.0" encoding="UTF-8"?>
<!-- Generated by org.testng.reporters.JUnitReportReporter -->
<testsuite hostname="LAPTOP-GFT7S5SO" failures="0" tests="1" name="Property_TestPackage.PropertyValidateKiteUserID" time="8.527" errors="0" timestamp="2022-06-21T12:16:29 IST" skipped="0">
  <testcase classname="Property_TestPackage.PropertyValidateKiteUserID" name="validateUser" time="8.527"/>
  <system-out>
    <![CDATA[TC is passed]]>
  </system-out>
</testsuite> <!-- Property_TestPackage.PropertyValidateKiteUserID -->
