<?xml version="1.0" encoding="UTF-8"?>
<!-- Generated by org.testng.reporters.JUnitReportReporter -->
<testsuite hostname="LAPTOP-GFT7S5SO" failures="0" tests="2" name="listener_Study.KITEandVCTC" time="19.382" errors="0" timestamp="2022-06-22T18:48:38 IST" skipped="0">
  <testcase classname="listener_Study.KITEandVCTC" name="KiteZerodha" time="10.611"/>
  <system-out>
    <![CDATA[TC is success
Success TC name isKiteZerodha]]>
  </system-out>
  <testcase classname="listener_Study.KITEandVCTC" name="VCTC" time="8.771"/>
  <system-out>
    <![CDATA[TC is success
Success TC name isVCTC]]>
  </system-out>
</testsuite> <!-- listener_Study.KITEandVCTC -->
