<?xml version="1.0" encoding="UTF-8"?>
<!-- Generated by org.testng.reporters.JUnitReportReporter -->
<testsuite hostname="LAPTOP-GFT7S5SO" failures="0" tests="2" name="listener_Study.FACEBOOKandKITE" time="12.805" errors="0" timestamp="2022-06-22T18:33:32 IST" skipped="0">
  <testcase classname="listener_Study.FACEBOOKandKITE" name="Facebook" time="6.659"/>
  <system-out/>
  <testcase classname="listener_Study.FACEBOOKandKITE" name="KiteZerodhaNew" time="6.146"/>
  <system-out/>
</testsuite> <!-- listener_Study.FACEBOOKandKITE -->
