<?xml version="1.0" encoding="UTF-8"?>
<!-- Generated by org.testng.reporters.JUnitReportReporter -->
<testsuite hostname="LAPTOP-GFT7S5SO" failures="0" tests="1" name="kite_With_Excel_CROSS_BROWSER_test.Test_class_Cross_Browser" time="17.812" errors="0" timestamp="2022-06-20T11:29:14 IST" skipped="0">
  <testcase classname="kite_With_Excel_CROSS_BROWSER_test.Test_class_Cross_Browser" name="UserValidation" time="17.812"/>
  <system-out>
    <![CDATA[both are equal TC is passed]]>
  </system-out>
</testsuite> <!-- kite_With_Excel_CROSS_BROWSER_test.Test_class_Cross_Browser -->
