<?xml version="1.0" encoding="UTF-8"?>
<!-- Generated by org.testng.reporters.JUnitReportReporter -->
<testsuite hostname="LAPTOP-GFT7S5SO" failures="0" tests="2" name="testNG_Study.ExcludeMethods1" time="0.012" errors="0" timestamp="2022-06-13T13:33:01 IST" skipped="0">
  <testcase classname="testNG_Study.ExcludeMethods1" name="mymethod1" time="0.010"/>
  <system-out>
    <![CDATA[Mymethod 1 is running]]>
  </system-out>
  <testcase classname="testNG_Study.ExcludeMethods1" name="mymethod3" time="0.002"/>
  <system-out>
    <![CDATA[Mymethod 3 is running]]>
  </system-out>
</testsuite> <!-- testNG_Study.ExcludeMethods1 -->
