<?xml version="1.0" encoding="UTF-8"?>
<!-- Generated by org.testng.reporters.JUnitReportReporter -->
<testsuite hostname="LAPTOP-GFT7S5SO" failures="0" tests="3" name="testNG_Study.Example1_NewTestNG" time="27.115" errors="0" timestamp="2022-06-11T17:23:19 IST" skipped="0">
  <testcase classname="testNG_Study.Example1_NewTestNG" name="mymethod1" time="12.917"/>
  <system-out/>
  <testcase classname="testNG_Study.Example1_NewTestNG" name="mymethod3" time="7.072"/>
  <system-out>
    <![CDATA[Mymethod3 is ok]]>
  </system-out>
  <testcase classname="testNG_Study.Example1_NewTestNG" name="mymethod2" time="7.126"/>
  <system-out>
    <![CDATA[Mymethod 2 is ok]]>
  </system-out>
</testsuite> <!-- testNG_Study.Example1_NewTestNG -->
